<?xml version="1.0" encoding="UTF-8" ?>
<testsuite tests="33" failures="0" name="demo.fraction.FractionTest" time="0.021" errors="0" skipped="0">
  <properties>
    <property name="java.runtime.name" value="Java(TM) SE Runtime Environment"/>
    <property name="sun.boot.library.path" value="C:\Program Files\Java\jdk1.8.0_151\jre\bin"/>
    <property name="java.vm.version" value="25.151-b12"/>
    <property name="java.vm.vendor" value="Oracle Corporation"/>
    <property name="maven.multiModuleProjectDirectory" value="C:\Users\Kalyan Sikdar\workspace\fraction-demo"/>
    <property name="java.vendor.url" value="http://java.oracle.com/"/>
    <property name="path.separator" value=";"/>
    <property name="guice.disable.misplaced.annotation.check" value="true"/>
    <property name="java.vm.name" value="Java HotSpot(TM) 64-Bit Server VM"/>
    <property name="file.encoding.pkg" value="sun.io"/>
    <property name="user.script" value=""/>
    <property name="user.country" value="IN"/>
    <property name="sun.java.launcher" value="SUN_STANDARD"/>
    <property name="sun.os.patch.level" value="Service Pack 1"/>
    <property name="java.vm.specification.name" value="Java Virtual Machine Specification"/>
    <property name="user.dir" value="C:\Users\Kalyan Sikdar\workspace\fraction-demo"/>
    <property name="java.runtime.version" value="1.8.0_151-b12"/>
    <property name="java.awt.graphicsenv" value="sun.awt.Win32GraphicsEnvironment"/>
    <property name="java.endorsed.dirs" value="C:\Program Files\Java\jdk1.8.0_151\jre\lib\endorsed"/>
    <property name="os.arch" value="amd64"/>
    <property name="java.io.tmpdir" value="C:\Users\KALYAN~1\AppData\Local\Temp\"/>
    <property name="line.separator" value="
"/>
    <property name="java.vm.specification.vendor" value="Oracle Corporation"/>
    <property name="user.variant" value=""/>
    <property name="os.name" value="Windows 7"/>
    <property name="classworlds.conf" value="C:\Users\Kalyan Sikdar\workspace\.metadata\.plugins\org.eclipse.m2e.launching\launches\m2conf2881385274499740550.tmp"/>
    <property name="sun.jnu.encoding" value="Cp1252"/>
    <property name="java.library.path" value="C:\Program Files\Java\jdk1.8.0_151\bin;C:\Windows\Sun\Java\bin;C:\Windows\system32;C:\Windows;C:/Program Files/Java/jre1.8.0_121/bin/server;C:/Program Files/Java/jre1.8.0_121/bin;C:/Program Files/Java/jre1.8.0_121/lib/amd64;C:\Program Files (x86)\Microsoft SDKs\Azure\CLI2\wbin;C:\ProgramData\Oracle\Java\javapath;C:\Program Files (x86)\AMD APP\bin\x86_64;C:\Program Files (x86)\AMD APP\bin\x86;C:\Program Files\Common Files\Microsoft Shared\Windows Live;C:\Program Files (x86)\Common Files\Microsoft Shared\Windows Live;C:\Windows\system32;C:\Windows;C:\Windows\System32\Wbem;C:\Windows\System32\WindowsPowerShell\v1.0\;C:\Program Files (x86)\Windows Live\Shared;C:\Program Files (x86)\ATI Technologies\ATI.ACE\Core-Static;C:\Program Files (x86)\Skype\Phone\;C:\Program Files\MATLAB\R2017a\runtime\win64;C:\Program Files\MATLAB\R2017a\bin;C:\Program Files\Git\cmd;C:\Program Files\Cloud Foundry;C:\Program Files\PuTTY\;C:\Python36\Scripts\;C:\Python36\;C:\eclipse;;C:\Windows\system32;;."/>
    <property name="java.specification.name" value="Java Platform API Specification"/>
    <property name="java.class.version" value="52.0"/>
    <property name="sun.management.compiler" value="HotSpot 64-Bit Tiered Compilers"/>
    <property name="os.version" value="6.1"/>
    <property name="user.home" value="C:\Users\Kalyan Sikdar"/>
    <property name="user.timezone" value="America/Chicago"/>
    <property name="java.awt.printerjob" value="sun.awt.windows.WPrinterJob"/>
    <property name="java.specification.version" value="1.8"/>
    <property name="file.encoding" value="Cp1252"/>
    <property name="user.name" value="Kalyan Sikdar"/>
    <property name="java.class.path" value="/C:/Users/Kalyan Sikdar/eclipse/jee-neon/eclipse/../../../.p2/pool/plugins/org.eclipse.m2e.maven.runtime_1.7.0.20160603-1931/jars/plexus-classworlds-2.5.2.jar"/>
    <property name="java.vm.specification.version" value="1.8"/>
    <property name="sun.arch.data.model" value="64"/>
    <property name="java.home" value="C:\Program Files\Java\jdk1.8.0_151\jre"/>
    <property name="sun.java.command" value="org.codehaus.plexus.classworlds.launcher.Launcher -B install"/>
    <property name="java.specification.vendor" value="Oracle Corporation"/>
    <property name="user.language" value="en"/>
    <property name="awt.toolkit" value="sun.awt.windows.WToolkit"/>
    <property name="java.vm.info" value="mixed mode"/>
    <property name="java.version" value="1.8.0_151"/>
    <property name="java.ext.dirs" value="C:\Program Files\Java\jdk1.8.0_151\jre\lib\ext;C:\Windows\Sun\Java\lib\ext"/>
    <property name="sun.boot.class.path" value="C:\Program Files\Java\jdk1.8.0_151\jre\lib\resources.jar;C:\Program Files\Java\jdk1.8.0_151\jre\lib\rt.jar;C:\Program Files\Java\jdk1.8.0_151\jre\lib\sunrsasign.jar;C:\Program Files\Java\jdk1.8.0_151\jre\lib\jsse.jar;C:\Program Files\Java\jdk1.8.0_151\jre\lib\jce.jar;C:\Program Files\Java\jdk1.8.0_151\jre\lib\charsets.jar;C:\Program Files\Java\jdk1.8.0_151\jre\lib\jfr.jar;C:\Program Files\Java\jdk1.8.0_151\jre\classes"/>
    <property name="java.vendor" value="Oracle Corporation"/>
    <property name="maven.home" value="C:\Users\Kalyan Sikdar\workspace\fraction-demo\EMBEDDED"/>
    <property name="file.separator" value="\"/>
    <property name="java.vendor.url.bug" value="http://bugreport.sun.com/bugreport/"/>
    <property name="sun.cpu.endian" value="little"/>
    <property name="sun.io.unicode.encoding" value="UnicodeLittle"/>
    <property name="sun.desktop" value="windows"/>
    <property name="sun.cpu.isalist" value="amd64"/>
  </properties>
  <testcase classname="demo.fraction.FractionTest" name="[0] 6, 7, 4, 9, 82, 63, ADD,  (test)" time="0.009"/>
  <testcase classname="demo.fraction.FractionTest" name="[1] 6, 7, 0, 0, 6, 7, ADD, Denominator cannot be Zero (test)" time="0"/>
  <testcase classname="demo.fraction.FractionTest" name="[2] 6, 7, 0, 9, 6, 7, ADD, Denominator cannot be Zero (test)" time="0.001"/>
  <testcase classname="demo.fraction.FractionTest" name="[3] 6, 7, -4, 9, 26, 63, ADD,  (test)" time="0"/>
  <testcase classname="demo.fraction.FractionTest" name="[4] 6, 7, 4, -9, 26, 63, ADD,  (test)" time="0"/>
  <testcase classname="demo.fraction.FractionTest" name="[5] 6, 7, -4, -9, 82, 63, ADD,  (test)" time="0.008"/>
  <testcase classname="demo.fraction.FractionTest" name="[6] 2147483647, 1, 2, 1, 0, 0, ADD, Integer value overflow (test)" time="0"/>
  <testcase classname="demo.fraction.FractionTest" name="[7] 6, 7, 4, 9, 26, 63, SUBTRACT,  (test)" time="0"/>
  <testcase classname="demo.fraction.FractionTest" name="[8] 0, 0, 4, 9, -4, 9, SUBTRACT,  (test)" time="0"/>
  <testcase classname="demo.fraction.FractionTest" name="[9] 0, 7, 4, 9, -4, 9, SUBTRACT,  (test)" time="0"/>
  <testcase classname="demo.fraction.FractionTest" name="[10] -6, 7, 4, 9, -82, 63, SUBTRACT,  (test)" time="0"/>
  <testcase classname="demo.fraction.FractionTest" name="[11] 6, -7, 4, 9, -82, 63, SUBTRACT,  (test)" time="0"/>
  <testcase classname="demo.fraction.FractionTest" name="[12] 6, 7, 4, 9, 8, 21, MULTIPLY,  (test)" time="0"/>
  <testcase classname="demo.fraction.FractionTest" name="[13] 6, 7, 0, 0, 0, 0, MULTIPLY,  (test)" time="0"/>
  <testcase classname="demo.fraction.FractionTest" name="[14] 6, 7, 0, 9, 0, 0, MULTIPLY,  (test)" time="0"/>
  <testcase classname="demo.fraction.FractionTest" name="[15] 6, 7, -4, 9, -8, 21, MULTIPLY,  (test)" time="0"/>
  <testcase classname="demo.fraction.FractionTest" name="[16] 6, 7, 4, -9, -8, 21, MULTIPLY,  (test)" time="0"/>
  <testcase classname="demo.fraction.FractionTest" name="[17] 6, 7, -4, -9, 8, 21, MULTIPLY,  (test)" time="0.003"/>
  <testcase classname="demo.fraction.FractionTest" name="[18] 6, 7, 2147483647, -9, 0, 0, MULTIPLY, Integer value overflow (test)" time="0"/>
  <testcase classname="demo.fraction.FractionTest" name="[19] 6, 7, 4, 9, 27, 14, DIVIDE,  (test)" time="0"/>
  <testcase classname="demo.fraction.FractionTest" name="[20] 6, 7, 0, 0, 0, 0, DIVIDE, Denominator cannot be Zero (test)" time="0"/>
  <testcase classname="demo.fraction.FractionTest" name="[21] 6, 7, 0, 9, 0, 0, DIVIDE, Denominator cannot be Zero (test)" time="0"/>
  <testcase classname="demo.fraction.FractionTest" name="[22] 6, 7, -4, 9, -27, 14, DIVIDE,  (test)" time="0"/>
  <testcase classname="demo.fraction.FractionTest" name="[23] 6, 7, 4, -9, -27, 14, DIVIDE,  (test)" time="0"/>
  <testcase classname="demo.fraction.FractionTest" name="[24] 6, 7, -4, -9, 27, 14, DIVIDE,  (test)" time="0"/>
  <testcase classname="demo.fraction.FractionTest" name="[0] 1, 3, 2, 3, true, LESSTHAN (test2)" time="0"/>
  <testcase classname="demo.fraction.FractionTest" name="[1] 2, 3, 1, 3, false, LESSTHAN (test2)" time="0"/>
  <testcase classname="demo.fraction.FractionTest" name="[2] 1, 3, 2, 3, true, GREATERTHAN (test2)" time="0"/>
  <testcase classname="demo.fraction.FractionTest" name="[3] 2, 3, 1, 3, false, GREATERTHAN (test2)" time="0"/>
  <testcase classname="demo.fraction.FractionTest" name="[4] 1, 3, 1, 3, true, EQUAL (test2)" time="0"/>
  <testcase classname="demo.fraction.FractionTest" name="[5] 2, 3, 1, 3, false, EQUAL (test2)" time="0"/>
  <testcase classname="demo.fraction.FractionTest" name="[6] 1, 3, 2, 3, true, NOTEQUAL (test2)" time="0"/>
  <testcase classname="demo.fraction.FractionTest" name="[7] 1, 3, 1, 3, false, NOTEQUAL (test2)" time="0"/>
</testsuite>